<?xml version="1.0" encoding="UTF-8"?>
<!-- Generated by org.testng.reporters.JUnitReportReporter -->
<testsuite hostname="P2ELT22" failures="0" tests="3" name="com.restassured.test.UserNegativeTests" time="1.232" errors="1" timestamp="2023-10-06T14:23:32 IST" skipped="0">
  <testcase classname="com.restassured.test.UserNegativeTests" name="createUser" time="0.214"/>
  <testcase classname="com.restassured.test.UserNegativeTests" name="loginNegative" time="0.680">
    <error message="Missing property in path $[&#039;result&#039;]" type="com.jayway.jsonpath.PathNotFoundException">
      <![CDATA[com.jayway.jsonpath.PathNotFoundException: Missing property in path $['result']
]]>
    </error>
  </testcase> <!-- loginNegative -->
  <testcase classname="com.restassured.test.UserNegativeTests" name="createfileNegative" time="0.338"/>
</testsuite> <!-- com.restassured.test.UserNegativeTests -->
