<?xml version="1.0" encoding="UTF-8"?>
<!-- Generated by org.testng.reporters.JUnitReportReporter -->
<testsuite hostname="P2ELT22" failures="0" tests="20" name="com.restassured.test.UserTests" time="13.993" errors="0" timestamp="2023-10-06T14:39:07 IST" skipped="0">
  <testcase classname="com.restassured.test.UserTests" name="testCreateUser" time="2.921"/>
  <testcase classname="com.restassured.test.UserTests" name="testVerifyUser" time="1.030"/>
  <testcase classname="com.restassured.test.UserTests" name="testLogin" time="1.837"/>
  <testcase classname="com.restassured.test.UserTests" name="testKycUpdate" time="1.360"/>
  <testcase classname="com.restassured.test.UserTests" name="testProfileView" time="0.221"/>
  <testcase classname="com.restassured.test.UserTests" name="testCreateFile" time="1.306"/>
  <testcase classname="com.restassured.test.UserTests" name="testgetFileCertificate" time="0.278"/>
  <testcase classname="com.restassured.test.UserTests" name="testcreateFolder" time="0.233"/>
  <testcase classname="com.restassured.test.UserTests" name="testMoveFile" time="0.251"/>
  <testcase classname="com.restassured.test.UserTests" name="testgetFileVersion" time="0.564"/>
  <testcase classname="com.restassured.test.UserTests" name="createVersion1" time="0.620"/>
  <testcase classname="com.restassured.test.UserTests" name="createVersion1" time="0.475"/>
  <testcase classname="com.restassured.test.UserTests" name="testSendCertificatetoRecycleBin" time="0.332"/>
  <testcase classname="com.restassured.test.UserTests" name="testrenameFolder" time="0.363"/>
  <testcase classname="com.restassured.test.UserTests" name="testdeleteFolder" time="0.252"/>
  <testcase classname="com.restassured.test.UserTests" name="testRestoreFileFromRecycleBin" time="0.740"/>
  <testcase classname="com.restassured.test.UserTests" name="testDeleteFilePermanently" time="0.311"/>
  <testcase classname="com.restassured.test.UserTests" name="testgetAllFolders" time="0.317"/>
  <testcase classname="com.restassured.test.UserTests" name="testDeleteFileVersion" time="0.347"/>
  <testcase classname="com.restassured.test.UserTests" name="testRestoreFileVersion" time="0.235"/>
</testsuite> <!-- com.restassured.test.UserTests -->
